<?xml version="1.0" encoding="UTF-8"?>
<!-- Generated by org.testng.reporters.JUnitXMLReporter -->
<testsuite ignored="0" hostname="DESKTOP-8D03G2C" failures="0" tests="10" name="Surefire test" time="0.139" errors="0" timestamp="2021-07-26T17:45:18 PET">
  <testcase classname="AplicativoVacunacionTest" name="anhadirCentro" time="0.017"/>
  <testcase classname="AplicativoVacunacionTest" name="darDeAlta" time="0.0"/>
  <testcase classname="AplicativoVacunacionTest" name="respuestaReporte" time="0.029"/>
  <testcase classname="CentroVacunacionTest" name="agregarVacunado" time="0.001"/>
  <testcase classname="CentroVacunacionTest" name="cantidadVacunadosCompletamente" time="0.0"/>
  <testcase classname="CentroVacunacionTest" name="cantidadVacunadosParciales" time="0.001"/>
  <testcase classname="CentroVacunacionTest" name="getNombre" time="0.001"/>
  <testcase classname="UsuarioTest" name="cerrarSesion" time="0.001"/>
  <testcase classname="UsuarioTest" name="login" time="0.0"/>
  <testcase classname="VacunadoTest" name="vacunarse" time="0.001"/>
</testsuite> <!-- Surefire test -->
