<?xml version="1.0" encoding="UTF-8"?>
<testsuite xmlns:xsi="http://www.w3.org/2001/XMLSchema-instance" xsi:noNamespaceSchemaLocation="https://maven.apache.org/surefire/maven-surefire-plugin/xsd/surefire-test-report.xsd" name="TestSuite" time="0.936" tests="10" errors="0" skipped="0" failures="0">
  <properties>
[...]
</properties>
  <testcase name="anhadirCentro" classname="AplicativoVacunacionTest" time="0.019"/>
  <testcase name="darDeAlta" classname="AplicativoVacunacionTest" time="0"/>
  <testcase name="respuestaReporte" classname="AplicativoVacunacionTest" time="0.034"/>
  <testcase name="agregarVacunado" classname="CentroVacunacionTest" time="0"/>
  <testcase name="cantidadVacunadosCompletamente" classname="CentroVacunacionTest" time="0"/>
  <testcase name="cantidadVacunadosParciales" classname="CentroVacunacionTest" time="0"/>
  <testcase name="getNombre" classname="CentroVacunacionTest" time="0"/>
  <testcase name="cerrarSesion" classname="UsuarioTest" time="0.001"/>
  <testcase name="login" classname="UsuarioTest" time="0.002"/>
  <testcase name="vacunarse" classname="VacunadoTest" time="0"/>
</testsuite>